<?xml version="1.0" encoding="UTF-8"?>
<testng-results skipped="0" failed="0" total="1" passed="1">
  <reporter-output>
  </reporter-output>
  <suite name="Default suite" duration-ms="29827" started-at="2018-05-08T16:42:41Z" finished-at="2018-05-08T16:43:10Z">
    <groups>
    </groups>
    <test name="Default test" duration-ms="29827" started-at="2018-05-08T16:42:41Z" finished-at="2018-05-08T16:43:10Z">
      <class name="com.TestSuite.gmail_Login">
        <test-method status="PASS" signature="xpathActions()[pri:0, instance:com.TestSuite.gmail_Login@215bfaa5]" name="xpathActions" duration-ms="29809" started-at="2018-05-08T22:12:41Z" finished-at="2018-05-08T22:13:10Z">
          <reporter-output>
          </reporter-output>
        </test-method> <!-- xpathActions -->
      </class> <!-- com.TestSuite.gmail_Login -->
    </test> <!-- Default test -->
  </suite> <!-- Default suite -->
</testng-results>
